2023-10-30 02:03:33,855:DEBUG:disnake.client: on_ready has successfully been registered as an event
2023-10-30 02:03:33,856:INFO:disnake.client: logging in using static token
2023-10-30 02:03:34,073:DEBUG:disnake.http: GET https://discord.com/api/v10/users/@me with None has returned 200
2023-10-30 02:03:34,074:DEBUG:disnake.http: GET https://discord.com/api/v10/users/@me has received {'id': '1167201499865157672', 'username': 'The Handler', 'avatar': 'f148cd5786aa50b118abf1438728e3db', 'discriminator': '6996', 'public_flags': 0, 'premium_type': 0, 'flags': 0, 'bot': True, 'banner': None, 'accent_color': None, 'global_name': None, 'avatar_decoration_data': None, 'banner_color': None, 'mfa_enabled': True, 'locale': 'en-US', 'email': None, 'verified': True, 'bio': ''}
2023-10-30 02:03:34,252:DEBUG:disnake.http: GET https://discord.com/api/v10/gateway/bot with None has returned 200
2023-10-30 02:03:34,252:DEBUG:disnake.http: GET https://discord.com/api/v10/gateway/bot has received {'url': 'wss://gateway.discord.gg', 'session_start_limit': {'max_concurrency': 1, 'remaining': 873, 'reset_after': 27546656, 'total': 1000}, 'shards': 1}
2023-10-30 02:03:34,416:DEBUG:disnake.gateway: Created websocket connected to wss://gateway.discord.gg/?v=10&encoding=json&compress=zlib-stream
2023-10-30 02:03:34,416:DEBUG:disnake.gateway: For Shard ID None: WebSocket Event: {'t': None, 's': None, 'op': 10, 'd': {'heartbeat_interval': 41250, '_trace': ['["gateway-prd-us-east1-d-df49",{"micros":0.0}]']}}
2023-10-30 02:03:34,418:INFO:disnake.gateway: Shard ID None has sent the IDENTIFY payload.
2023-10-30 02:03:34,521:DEBUG:disnake.gateway: For Shard ID None: WebSocket Event: {'t': None, 's': None, 'op': 11, 'd': None}
2023-10-30 02:03:34,619:DEBUG:disnake.gateway: For Shard ID None: WebSocket Event: {'t': 'READY', 's': 1, 'op': 0, 'd': {'v': 10, 'user_settings': {}, 'user': {'verified': True, 'username': 'The Handler', 'mfa_enabled': True, 'id': '1167201499865157672', 'global_name': None, 'flags': 0, 'email': None, 'discriminator': '6996', 'bot': True, 'avatar': 'f148cd5786aa50b118abf1438728e3db'}, 'session_type': 'normal', 'session_id': '89444dada9c9f2fe5d794143681aba71', 'resume_gateway_url': 'wss://gateway-us-east1-d.discord.gg', 'relationships': [], 'private_channels': [], 'presences': [], 'guilds': [{'unavailable': True, 'id': '1162396096778211379'}], 'guild_join_requests': [], 'geo_ordered_rtc_regions': ['rotterdam', 'frankfurt', 'milan', 'stockholm', 'madrid'], 'auth': {}, 'application': {'id': '1167201499865157672', 'flags': 18874368}, '_trace': ['["gateway-prd-us-east1-d-df49",{"micros":95599,"calls":["id_created",{"micros":916,"calls":[]},"session_lookup_time",{"micros":760,"calls":[]},"session_lookup_finished",{"micros":14,"calls":[]},"discord-sessions-prd-2-243",{"micros":92544,"calls":["start_session",{"micros":45489,"calls":["discord-api-86cdb54fd7-w8ps9",{"micros":39885,"calls":["get_user",{"micros":7754},"get_guilds",{"micros":4326},"send_scheduled_deletion_message",{"micros":11},"guild_join_requests",{"micros":1},"authorized_ip_coro",{"micros":13}]}]},"starting_guild_connect",{"micros":55,"calls":[]},"presence_started",{"micros":303,"calls":[]},"guilds_started",{"micros":79,"calls":[]},"guilds_connect",{"micros":1,"calls":[]},"presence_connect",{"micros":46564,"calls":[]},"connect_finished",{"micros":46569,"calls":[]},"build_ready",{"micros":19,"calls":[]},"clean_ready",{"micros":1,"calls":[]},"optimize_ready",{"micros":0,"calls":[]},"split_ready",{"micros":28,"calls":[]}]}]}]']}}
2023-10-30 02:03:34,619:DEBUG:disnake.client: Dispatching event socket_event_type
2023-10-30 02:03:34,619:INFO:disnake.gateway: Shard ID None has connected to Gateway: ["gateway-prd-us-east1-d-df49",{"micros":95599,"calls":["id_created",{"micros":916,"calls":[]},"session_lookup_time",{"micros":760,"calls":[]},"session_lookup_finished",{"micros":14,"calls":[]},"discord-sessions-prd-2-243",{"micros":92544,"calls":["start_session",{"micros":45489,"calls":["discord-api-86cdb54fd7-w8ps9",{"micros":39885,"calls":["get_user",{"micros":7754},"get_guilds",{"micros":4326},"send_scheduled_deletion_message",{"micros":11},"guild_join_requests",{"micros":1},"authorized_ip_coro",{"micros":13}]}]},"starting_guild_connect",{"micros":55,"calls":[]},"presence_started",{"micros":303,"calls":[]},"guilds_started",{"micros":79,"calls":[]},"guilds_connect",{"micros":1,"calls":[]},"presence_connect",{"micros":46564,"calls":[]},"connect_finished",{"micros":46569,"calls":[]},"build_ready",{"micros":19,"calls":[]},"clean_ready",{"micros":1,"calls":[]},"optimize_ready",{"micros":0,"calls":[]},"split_ready",{"micros":28,"calls":[]}]}]}] (Session ID: 89444dada9c9f2fe5d794143681aba71, Resume URL: wss://gateway-us-east1-d.discord.gg).
2023-10-30 02:03:34,619:DEBUG:disnake.client: Dispatching event connect
2023-10-30 02:03:34,621:DEBUG:disnake.gateway: For Shard ID None: WebSocket Event: {'t': 'GUILD_CREATE', 's': 2, 'op': 0, 'd': {'system_channel_flags': 15, 'guild_scheduled_events': [], 'premium_progress_bar_enabled': False, 'incidents_data': None, 'inventory_settings': None, 'application_command_counts': {'1': 1}, 'nsfw': False, 'splash': None, 'latest_onboarding_question_id': None, 'premium_tier': 0, 'id': '1162396096778211379', 'icon': 'cefcca5777ad911c7a5a17bbeeedebb0', 'default_message_notifications': 0, 'unavailable': False, 'embedded_activities': [], 'name': 'House Pearl', 'premium_subscription_count': 0, 'public_updates_channel_id': None, 'rules_channel_id': None, 'joined_at': '2023-10-26T20:56:47.779000+00:00', 'voice_states': [], 'roles': [{'version': 1697207226003, 'unicode_emoji': None, 'tags': {}, 'position': 0, 'permissions': '559623605571137', 'name': '@everyone', 'mentionable': False, 'managed': False, 'id': '1162396096778211379', 'icon': None, 'hoist': False, 'flags': 0, 'color': 0}, {'version': 1698430577294, 'unicode_emoji': None, 'tags': {'bot_id': '1167201499865157672'}, 'position': 2, 'permissions': '8', 'name': 'The Handler', 'mentionable': False, 'managed': True, 'id': '1167205210016448626', 'icon': None, 'hoist': False, 'flags': 0, 'color': 0}, {'version': 1698430577467, 'unicode_emoji': None, 'tags': {}, 'position': 1, 'permissions': '8', 'name': 'new role', 'mentionable': False, 'managed': False, 'id': '1167527173884760124', 'icon': None, 'hoist': False, 'flags': 0, 'color': 0}], 'threads': [], 'home_header': None, 'emojis': [], 'mfa_level': 0, 'discovery_splash': None, 'afk_channel_id': None, 'hub_type': None, 'channels': [{'version': 1697207226011, 'type': 4, 'position': 0, 'permission_overwrites': [], 'name': 'Text channels', 'id': '1162396097877114901', 'flags': 0}, {'version': 1698356365504, 'type': 0, 'topic': None, 'rate_limit_per_user': 0, 'position': 1, 'permission_overwrites': [], 'parent_id': '1162396097877114901', 'name': 'general', 'last_pin_timestamp': '2023-10-26T21:39:25+00:00', 'last_message_id': '1168310816668397630', 'id': '1166380269582954616', 'flags': 0}, {'version': 1698356232124, 'type': 0, 'topic': None, 'rate_limit_per_user': 0, 'position': 0, 'permission_overwrites': [{'type': 0, 'id': '1162396096778211379', 'deny': '2048', 'allow': '1024'}], 'parent_id': '1162396097877114901', 'name': 'daily-updates', 'last_pin_timestamp': '2023-10-29T10:29:07+00:00', 'last_message_id': '1168368715599974421', 'id': '1167204307578392607', 'flags': 0}, {'version': 1698424753704, 'type': 0, 'topic': None, 'rate_limit_per_user': 0, 'position': 2, 'permission_overwrites': [{'type': 0, 'id': '1162396096778211379', 'deny': '0', 'allow': '1024'}, {'type': 1, 'id': '1167201499865157672', 'deny': '0', 'allow': '1024'}], 'parent_id': '1162396097877114901', 'name': 'bot-testing', 'last_pin_timestamp': '2023-10-29T23:32:49+00:00', 'last_message_id': '1168331641182232606', 'id': '1167244149762830417', 'flags': 0}], 'safety_alerts_channel_id': None, 'preferred_locale': 'en-US', 'description': None, 'owner_id': '164862382185644032', 'large': False, 'explicit_content_filter': 0, 'lazy': True, 'members': [{'user': {'username': 'The Handler', 'public_flags': 0, 'id': '1167201499865157672', 'global_name': None, 'display_name': None, 'discriminator': '6996', 'bot': True, 'avatar_decoration_data': None, 'avatar': 'f148cd5786aa50b118abf1438728e3db'}, 'roles': ['1167205210016448626'], 'premium_since': None, 'pending': False, 'nick': None, 'mute': False, 'joined_at': '2023-10-26T20:56:47.779000+00:00', 'flags': 0, 'deaf': False, 'communication_disabled_until': None, 'avatar': None}], 'afk_timeout': 300, 'features': [], 'system_channel_id': None, 'stickers': [], 'vanity_url_code': None, 'soundboard_sounds': [], 'max_video_channel_users': 25, 'stage_instances': [], 'application_id': None, 'banner': None, 'nsfw_level': 0, 'presences': [], 'version': 1698353596775, 'region': 'deprecated', 'verification_level': 0, 'member_count': 4, 'max_members': 500000, 'max_stage_video_channel_users': 50}}
2023-10-30 02:03:34,621:DEBUG:disnake.client: Dispatching event socket_event_type
2023-10-30 02:03:34,622:DEBUG:disnake.client: Dispatching event guild_available
2023-10-30 02:03:34,778:DEBUG:disnake.http: GET https://discord.com/api/v10/applications/1167201499865157672/commands with None has returned 200
2023-10-30 02:03:34,778:DEBUG:disnake.http: GET https://discord.com/api/v10/applications/1167201499865157672/commands has received []
2023-10-30 02:03:34,967:DEBUG:disnake.http: GET https://discord.com/api/v10/applications/1167201499865157672/guilds/1162396096778211379/commands with None has returned 200
2023-10-30 02:03:34,967:DEBUG:disnake.http: GET https://discord.com/api/v10/applications/1167201499865157672/guilds/1162396096778211379/commands has received [{'id': '1167243653060767805', 'application_id': '1167201499865157672', 'version': '1167243653689909248', 'default_member_permissions': None, 'type': 1, 'name': 'events', 'name_localizations': None, 'description': '-', 'description_localizations': None, 'guild_id': '1162396096778211379', 'options': [{'type': 1, 'name': 'list', 'name_localizations': None, 'description': 'List events', 'description_localizations': None}, {'type': 1, 'name': 'report', 'name_localizations': None, 'description': 'Report an event', 'description_localizations': None}], 'nsfw': False}]
2023-10-30 02:03:34,967:DEBUG:disnake.ext.commands.interaction_bot_base: Application command synchronization:
GLOBAL COMMANDS
===============
| Update is required: False
| To upsert:
|     -
| To edit:
|     -
| To delete:
|     -
| No changes:
|     -
2023-10-30 02:03:34,968:DEBUG:disnake.ext.commands.interaction_bot_base: Application command synchronization:
COMMANDS IN 1162396096778211379
===============================
| Update is required: False
| To upsert:
|     -
| To edit:
|     -
| To delete:
|     -
| No changes:
|     <SlashCommand name='events'>
2023-10-30 02:03:34,968:DEBUG:disnake.ext.commands.interaction_bot_base: Command synchronization task has finished
2023-10-30 02:03:36,620:DEBUG:disnake.client: Dispatching event ready
2023-10-30 02:03:36,621:INFO:disnake.ext.commands.common_bot_base: WATCHDOG: Watching extensions
2023-10-30 02:03:37,473:DEBUG:disnake.http: GET https://discord.com/api/v10/users/164862382185644032 with None has returned 200
2023-10-30 02:03:37,473:DEBUG:disnake.http: GET https://discord.com/api/v10/users/164862382185644032 has received {'id': '164862382185644032', 'username': 'stonemercy', 'avatar': 'a_96b40d57fe88b9b224bc4d012bc4abaf', 'discriminator': '0', 'public_flags': 768, 'premium_type': 2, 'flags': 768, 'banner': 'a_9cd069808efeba489652b0e7e36d1656', 'accent_color': 16777215, 'global_name': 'Stonemercy', 'avatar_decoration_data': None, 'banner_color': '#ffffff'}
2023-10-30 02:03:37,786:DEBUG:disnake.gateway: For Shard ID None: WebSocket Event: {'t': 'MESSAGE_CREATE', 's': 3, 'op': 0, 'd': {'type': 0, 'tts': False, 'timestamp': '2023-10-30T02:03:37.690000+00:00', 'referenced_message': None, 'pinned': False, 'mentions': [], 'mention_roles': [], 'mention_everyone': False, 'member': {'roles': ['1167205210016448626'], 'premium_since': None, 'pending': False, 'nick': None, 'mute': False, 'joined_at': '2023-10-26T20:56:47.779000+00:00', 'flags': 0, 'deaf': False, 'communication_disabled_until': None, 'avatar': None}, 'id': '1168369590741499974', 'flags': 0, 'embeds': [{'type': 'rich', 'title': 'ToonpishCrafts has uploaded a new video', 'description': 'The url and thumbnail have been downloaded and stored (I need to find a way to upload them)', 'color': 3066993}], 'edited_timestamp': None, 'content': '', 'components': [], 'channel_id': '1167204307578392607', 'author': {'username': 'The Handler', 'public_flags': 0, 'premium_type': 0, 'id': '1167201499865157672', 'global_name': None, 'discriminator': '6996', 'bot': True, 'avatar_decoration_data': None, 'avatar': 'f148cd5786aa50b118abf1438728e3db'}, 'attachments': [], 'guild_id': '1162396096778211379'}}
2023-10-30 02:03:37,786:DEBUG:disnake.client: Dispatching event socket_event_type
2023-10-30 02:03:37,786:DEBUG:disnake.client: Dispatching event message
2023-10-30 02:03:37,823:DEBUG:disnake.http: POST https://discord.com/api/v10/channels/1167204307578392607/messages with {"embeds":[{"color":3066993,"type":"rich","description":"The url and thumbnail have been downloaded and stored (I need to find a way to upload them)","title":"ToonpishCrafts has uploaded a new video"}]} has returned 200
2023-10-30 02:03:37,823:DEBUG:disnake.http: POST https://discord.com/api/v10/channels/1167204307578392607/messages has received {'id': '1168369590741499974', 'type': 0, 'content': '', 'channel_id': '1167204307578392607', 'author': {'id': '1167201499865157672', 'username': 'The Handler', 'avatar': 'f148cd5786aa50b118abf1438728e3db', 'discriminator': '6996', 'public_flags': 0, 'premium_type': 0, 'flags': 0, 'bot': True, 'banner': None, 'accent_color': None, 'global_name': None, 'avatar_decoration_data': None, 'banner_color': None}, 'attachments': [], 'embeds': [{'type': 'rich', 'title': 'ToonpishCrafts has uploaded a new video', 'description': 'The url and thumbnail have been downloaded and stored (I need to find a way to upload them)', 'color': 3066993}], 'mentions': [], 'mention_roles': [], 'pinned': False, 'mention_everyone': False, 'tts': False, 'timestamp': '2023-10-30T02:03:37.690000+00:00', 'edited_timestamp': None, 'flags': 0, 'components': [], 'referenced_message': None}
2023-10-30 02:04:15,680:DEBUG:disnake.gateway: Keeping shard ID None websocket alive with sequence 3.
2023-10-30 02:04:15,785:DEBUG:disnake.gateway: For Shard ID None: WebSocket Event: {'t': None, 's': None, 'op': 11, 'd': None}
2023-10-30 02:04:37,261:DEBUG:disnake.http: GET https://discord.com/api/v10/users/164862382185644032 with None has returned 200
2023-10-30 02:04:37,261:DEBUG:disnake.http: GET https://discord.com/api/v10/users/164862382185644032 has received {'id': '164862382185644032', 'username': 'stonemercy', 'avatar': 'a_96b40d57fe88b9b224bc4d012bc4abaf', 'discriminator': '0', 'public_flags': 768, 'premium_type': 2, 'flags': 768, 'banner': 'a_9cd069808efeba489652b0e7e36d1656', 'accent_color': 16777215, 'global_name': 'Stonemercy', 'avatar_decoration_data': None, 'banner_color': '#ffffff'}
2023-10-30 02:04:40,472:INFO:disnake.ext.commands.common_bot_base: WATCHDOG: Reloaded 'cogs.youtube'
2023-10-30 02:04:42,483:DEBUG:disnake.ext.commands.interaction_bot_base: Application command synchronization:
GLOBAL COMMANDS
===============
| Update is required: False
| To upsert:
|     -
| To edit:
|     -
| To delete:
|     -
| No changes:
|     -
2023-10-30 02:04:42,484:DEBUG:disnake.ext.commands.interaction_bot_base: Application command synchronization:
COMMANDS IN 1162396096778211379
===============================
| Update is required: False
| To upsert:
|     -
| To edit:
|     -
| To delete:
|     -
| No changes:
|     <SlashCommand name='events'>
2023-10-30 02:04:42,484:DEBUG:disnake.ext.commands.interaction_bot_base: Command synchronization task has finished
2023-10-30 02:04:56,013:DEBUG:disnake.gateway: For Shard ID None: WebSocket Event: {'t': 'TYPING_START', 's': 4, 'op': 0, 'd': {'user_id': '164862382185644032', 'timestamp': 1698631495, 'member': {'user': {'username': 'stonemercy', 'public_flags': 768, 'id': '164862382185644032', 'global_name': 'Stonemercy', 'display_name': 'Stonemercy', 'discriminator': '0', 'bot': False, 'avatar_decoration_data': None, 'avatar': 'a_96b40d57fe88b9b224bc4d012bc4abaf'}, 'roles': [], 'premium_since': None, 'pending': False, 'nick': None, 'mute': False, 'joined_at': '2023-10-13T14:27:05.775000+00:00', 'flags': 0, 'deaf': False, 'communication_disabled_until': None, 'avatar': None}, 'channel_id': '1167244149762830417', 'guild_id': '1162396096778211379'}}
2023-10-30 02:04:56,013:DEBUG:disnake.client: Dispatching event socket_event_type
2023-10-30 02:04:56,014:DEBUG:disnake.client: Dispatching event raw_typing
2023-10-30 02:04:56,014:DEBUG:disnake.client: Dispatching event typing
2023-10-30 02:04:56,943:DEBUG:disnake.gateway: Keeping shard ID None websocket alive with sequence 4.
2023-10-30 02:04:57,048:DEBUG:disnake.gateway: For Shard ID None: WebSocket Event: {'t': None, 's': None, 'op': 11, 'd': None}
2023-10-30 02:05:00,263:DEBUG:disnake.gateway: For Shard ID None: WebSocket Event: {'t': 'MESSAGE_CREATE', 's': 5, 'op': 0, 'd': {'type': 0, 'tts': False, 'timestamp': '2023-10-30T02:05:00.192000+00:00', 'referenced_message': None, 'pinned': False, 'nonce': '1168369935991177216', 'mentions': [{'username': 'stonemercy', 'public_flags': 768, 'member': {'roles': [], 'premium_since': None, 'pending': False, 'nick': None, 'mute': False, 'joined_at': '2023-10-13T14:27:05.775000+00:00', 'flags': 0, 'deaf': False, 'communication_disabled_until': None, 'avatar': None}, 'id': '164862382185644032', 'global_name': 'Stonemercy', 'discriminator': '0', 'avatar_decoration_data': None, 'avatar': 'a_96b40d57fe88b9b224bc4d012bc4abaf'}], 'mention_roles': [], 'mention_everyone': False, 'member': {'roles': [], 'premium_since': None, 'pending': False, 'nick': None, 'mute': False, 'joined_at': '2023-10-13T14:27:05.775000+00:00', 'flags': 0, 'deaf': False, 'communication_disabled_until': None, 'avatar': None}, 'id': '1168369936779980861', 'flags': 0, 'embeds': [], 'edited_timestamp': None, 'content': '', 'components': [], 'channel_id': '1167244149762830417', 'author': {'username': 'stonemercy', 'public_flags': 768, 'premium_type': 2, 'id': '164862382185644032', 'global_name': 'Stonemercy', 'discriminator': '0', 'avatar_decoration_data': None, 'avatar': 'a_96b40d57fe88b9b224bc4d012bc4abaf'}, 'attachments': [], 'guild_id': '1162396096778211379'}}
2023-10-30 02:05:00,263:DEBUG:disnake.client: Dispatching event socket_event_type
2023-10-30 02:05:00,263:DEBUG:disnake.client: Dispatching event message
2023-10-30 02:05:11,090:INFO:disnake.ext.commands.common_bot_base: WATCHDOG: Reloaded 'cogs.youtube'
2023-10-30 02:05:13,082:DEBUG:disnake.ext.commands.interaction_bot_base: Application command synchronization:
GLOBAL COMMANDS
===============
| Update is required: False
| To upsert:
|     -
| To edit:
|     -
| To delete:
|     -
| No changes:
|     -
2023-10-30 02:05:13,083:DEBUG:disnake.ext.commands.interaction_bot_base: Application command synchronization:
COMMANDS IN 1162396096778211379
===============================
| Update is required: False
| To upsert:
|     -
| To edit:
|     -
| To delete:
|     -
| No changes:
|     <SlashCommand name='events'>
2023-10-30 02:05:13,083:DEBUG:disnake.ext.commands.interaction_bot_base: Command synchronization task has finished
2023-10-30 02:05:36,837:DEBUG:disnake.http: GET https://discord.com/api/v10/users/164862382185644032 with None has returned 200
2023-10-30 02:05:36,837:DEBUG:disnake.http: GET https://discord.com/api/v10/users/164862382185644032 has received {'id': '164862382185644032', 'username': 'stonemercy', 'avatar': 'a_96b40d57fe88b9b224bc4d012bc4abaf', 'discriminator': '0', 'public_flags': 768, 'premium_type': 2, 'flags': 768, 'banner': 'a_9cd069808efeba489652b0e7e36d1656', 'accent_color': 16777215, 'global_name': 'Stonemercy', 'avatar_decoration_data': None, 'banner_color': '#ffffff'}
2023-10-30 02:05:38,203:DEBUG:disnake.gateway: Keeping shard ID None websocket alive with sequence 5.
2023-10-30 02:05:38,310:DEBUG:disnake.gateway: For Shard ID None: WebSocket Event: {'t': None, 's': None, 'op': 11, 'd': None}
2023-10-30 02:06:19,456:DEBUG:disnake.gateway: Keeping shard ID None websocket alive with sequence 5.
2023-10-30 02:06:19,562:DEBUG:disnake.gateway: For Shard ID None: WebSocket Event: {'t': None, 's': None, 'op': 11, 'd': None}
2023-10-30 02:06:36,847:DEBUG:disnake.http: GET https://discord.com/api/v10/users/164862382185644032 with None has returned 200
2023-10-30 02:06:36,847:DEBUG:disnake.http: GET https://discord.com/api/v10/users/164862382185644032 has received {'id': '164862382185644032', 'username': 'stonemercy', 'avatar': 'a_96b40d57fe88b9b224bc4d012bc4abaf', 'discriminator': '0', 'public_flags': 768, 'premium_type': 2, 'flags': 768, 'banner': 'a_9cd069808efeba489652b0e7e36d1656', 'accent_color': 16777215, 'global_name': 'Stonemercy', 'avatar_decoration_data': None, 'banner_color': '#ffffff'}
2023-10-30 02:07:00,710:DEBUG:disnake.gateway: Keeping shard ID None websocket alive with sequence 5.
2023-10-30 02:07:00,815:DEBUG:disnake.gateway: For Shard ID None: WebSocket Event: {'t': None, 's': None, 'op': 11, 'd': None}
2023-10-30 02:07:36,830:DEBUG:disnake.http: GET https://discord.com/api/v10/users/164862382185644032 with None has returned 200
2023-10-30 02:07:36,831:DEBUG:disnake.http: GET https://discord.com/api/v10/users/164862382185644032 has received {'id': '164862382185644032', 'username': 'stonemercy', 'avatar': 'a_96b40d57fe88b9b224bc4d012bc4abaf', 'discriminator': '0', 'public_flags': 768, 'premium_type': 2, 'flags': 768, 'banner': 'a_9cd069808efeba489652b0e7e36d1656', 'accent_color': 16777215, 'global_name': 'Stonemercy', 'avatar_decoration_data': None, 'banner_color': '#ffffff'}
2023-10-30 02:07:41,976:DEBUG:disnake.gateway: Keeping shard ID None websocket alive with sequence 5.
2023-10-30 02:07:42,081:DEBUG:disnake.gateway: For Shard ID None: WebSocket Event: {'t': None, 's': None, 'op': 11, 'd': None}
2023-10-30 02:08:23,228:DEBUG:disnake.gateway: Keeping shard ID None websocket alive with sequence 5.
2023-10-30 02:08:23,333:DEBUG:disnake.gateway: For Shard ID None: WebSocket Event: {'t': None, 's': None, 'op': 11, 'd': None}
2023-10-30 02:08:36,867:DEBUG:disnake.http: GET https://discord.com/api/v10/users/164862382185644032 with None has returned 200
2023-10-30 02:08:36,867:DEBUG:disnake.http: GET https://discord.com/api/v10/users/164862382185644032 has received {'id': '164862382185644032', 'username': 'stonemercy', 'avatar': 'a_96b40d57fe88b9b224bc4d012bc4abaf', 'discriminator': '0', 'public_flags': 768, 'premium_type': 2, 'flags': 768, 'banner': 'a_9cd069808efeba489652b0e7e36d1656', 'accent_color': 16777215, 'global_name': 'Stonemercy', 'avatar_decoration_data': None, 'banner_color': '#ffffff'}
2023-10-30 02:09:04,491:DEBUG:disnake.gateway: Keeping shard ID None websocket alive with sequence 5.
2023-10-30 02:09:04,596:DEBUG:disnake.gateway: For Shard ID None: WebSocket Event: {'t': None, 's': None, 'op': 11, 'd': None}
2023-10-30 02:09:36,857:DEBUG:disnake.http: GET https://discord.com/api/v10/users/164862382185644032 with None has returned 200
2023-10-30 02:09:36,858:DEBUG:disnake.http: GET https://discord.com/api/v10/users/164862382185644032 has received {'id': '164862382185644032', 'username': 'stonemercy', 'avatar': 'a_96b40d57fe88b9b224bc4d012bc4abaf', 'discriminator': '0', 'public_flags': 768, 'premium_type': 2, 'flags': 768, 'banner': 'a_9cd069808efeba489652b0e7e36d1656', 'accent_color': 16777215, 'global_name': 'Stonemercy', 'avatar_decoration_data': None, 'banner_color': '#ffffff'}
2023-10-30 02:09:45,755:DEBUG:disnake.gateway: Keeping shard ID None websocket alive with sequence 5.
2023-10-30 02:09:45,859:DEBUG:disnake.gateway: For Shard ID None: WebSocket Event: {'t': None, 's': None, 'op': 11, 'd': None}
2023-10-30 02:10:27,006:DEBUG:disnake.gateway: Keeping shard ID None websocket alive with sequence 5.
2023-10-30 02:10:27,110:DEBUG:disnake.gateway: For Shard ID None: WebSocket Event: {'t': None, 's': None, 'op': 11, 'd': None}
2023-10-30 02:10:36,869:DEBUG:disnake.http: GET https://discord.com/api/v10/users/164862382185644032 with None has returned 200
2023-10-30 02:10:36,869:DEBUG:disnake.http: GET https://discord.com/api/v10/users/164862382185644032 has received {'id': '164862382185644032', 'username': 'stonemercy', 'avatar': 'a_96b40d57fe88b9b224bc4d012bc4abaf', 'discriminator': '0', 'public_flags': 768, 'premium_type': 2, 'flags': 768, 'banner': 'a_9cd069808efeba489652b0e7e36d1656', 'accent_color': 16777215, 'global_name': 'Stonemercy', 'avatar_decoration_data': None, 'banner_color': '#ffffff'}
2023-10-30 02:11:08,263:DEBUG:disnake.gateway: Keeping shard ID None websocket alive with sequence 5.
2023-10-30 02:11:08,367:DEBUG:disnake.gateway: For Shard ID None: WebSocket Event: {'t': None, 's': None, 'op': 11, 'd': None}
2023-10-30 02:11:36,911:DEBUG:disnake.http: GET https://discord.com/api/v10/users/164862382185644032 with None has returned 200
2023-10-30 02:11:36,911:DEBUG:disnake.http: GET https://discord.com/api/v10/users/164862382185644032 has received {'id': '164862382185644032', 'username': 'stonemercy', 'avatar': 'a_96b40d57fe88b9b224bc4d012bc4abaf', 'discriminator': '0', 'public_flags': 768, 'premium_type': 2, 'flags': 768, 'banner': 'a_9cd069808efeba489652b0e7e36d1656', 'accent_color': 16777215, 'global_name': 'Stonemercy', 'avatar_decoration_data': None, 'banner_color': '#ffffff'}
2023-10-30 02:11:49,528:DEBUG:disnake.gateway: Keeping shard ID None websocket alive with sequence 5.
2023-10-30 02:11:49,632:DEBUG:disnake.gateway: For Shard ID None: WebSocket Event: {'t': None, 's': None, 'op': 11, 'd': None}
2023-10-30 02:12:30,782:DEBUG:disnake.gateway: Keeping shard ID None websocket alive with sequence 5.
2023-10-30 02:12:30,886:DEBUG:disnake.gateway: For Shard ID None: WebSocket Event: {'t': None, 's': None, 'op': 11, 'd': None}
2023-10-30 02:12:36,907:DEBUG:disnake.http: GET https://discord.com/api/v10/users/164862382185644032 with None has returned 200
2023-10-30 02:12:36,907:DEBUG:disnake.http: GET https://discord.com/api/v10/users/164862382185644032 has received {'id': '164862382185644032', 'username': 'stonemercy', 'avatar': 'a_96b40d57fe88b9b224bc4d012bc4abaf', 'discriminator': '0', 'public_flags': 768, 'premium_type': 2, 'flags': 768, 'banner': 'a_9cd069808efeba489652b0e7e36d1656', 'accent_color': 16777215, 'global_name': 'Stonemercy', 'avatar_decoration_data': None, 'banner_color': '#ffffff'}
2023-10-30 02:13:12,045:DEBUG:disnake.gateway: Keeping shard ID None websocket alive with sequence 5.
2023-10-30 02:13:12,149:DEBUG:disnake.gateway: For Shard ID None: WebSocket Event: {'t': None, 's': None, 'op': 11, 'd': None}
2023-10-30 02:13:36,916:DEBUG:disnake.http: GET https://discord.com/api/v10/users/164862382185644032 with None has returned 200
2023-10-30 02:13:36,916:DEBUG:disnake.http: GET https://discord.com/api/v10/users/164862382185644032 has received {'id': '164862382185644032', 'username': 'stonemercy', 'avatar': 'a_96b40d57fe88b9b224bc4d012bc4abaf', 'discriminator': '0', 'public_flags': 768, 'premium_type': 2, 'flags': 768, 'banner': 'a_9cd069808efeba489652b0e7e36d1656', 'accent_color': 16777215, 'global_name': 'Stonemercy', 'avatar_decoration_data': None, 'banner_color': '#ffffff'}
2023-10-30 02:13:53,303:DEBUG:disnake.gateway: Keeping shard ID None websocket alive with sequence 5.
2023-10-30 02:13:53,407:DEBUG:disnake.gateway: For Shard ID None: WebSocket Event: {'t': None, 's': None, 'op': 11, 'd': None}
2023-10-30 02:14:34,560:DEBUG:disnake.gateway: Keeping shard ID None websocket alive with sequence 5.
2023-10-30 02:14:34,664:DEBUG:disnake.gateway: For Shard ID None: WebSocket Event: {'t': None, 's': None, 'op': 11, 'd': None}
2023-10-30 02:14:36,904:DEBUG:disnake.http: GET https://discord.com/api/v10/users/164862382185644032 with None has returned 200
2023-10-30 02:14:36,904:DEBUG:disnake.http: GET https://discord.com/api/v10/users/164862382185644032 has received {'id': '164862382185644032', 'username': 'stonemercy', 'avatar': 'a_96b40d57fe88b9b224bc4d012bc4abaf', 'discriminator': '0', 'public_flags': 768, 'premium_type': 2, 'flags': 768, 'banner': 'a_9cd069808efeba489652b0e7e36d1656', 'accent_color': 16777215, 'global_name': 'Stonemercy', 'avatar_decoration_data': None, 'banner_color': '#ffffff'}
2023-10-30 02:15:15,822:DEBUG:disnake.gateway: Keeping shard ID None websocket alive with sequence 5.
2023-10-30 02:15:15,927:DEBUG:disnake.gateway: For Shard ID None: WebSocket Event: {'t': None, 's': None, 'op': 11, 'd': None}
2023-10-30 02:15:36,899:DEBUG:disnake.http: GET https://discord.com/api/v10/users/164862382185644032 with None has returned 200
2023-10-30 02:15:36,900:DEBUG:disnake.http: GET https://discord.com/api/v10/users/164862382185644032 has received {'id': '164862382185644032', 'username': 'stonemercy', 'avatar': 'a_96b40d57fe88b9b224bc4d012bc4abaf', 'discriminator': '0', 'public_flags': 768, 'premium_type': 2, 'flags': 768, 'banner': 'a_9cd069808efeba489652b0e7e36d1656', 'accent_color': 16777215, 'global_name': 'Stonemercy', 'avatar_decoration_data': None, 'banner_color': '#ffffff'}
2023-10-30 02:15:57,088:DEBUG:disnake.gateway: Keeping shard ID None websocket alive with sequence 5.
2023-10-30 02:15:57,193:DEBUG:disnake.gateway: For Shard ID None: WebSocket Event: {'t': None, 's': None, 'op': 11, 'd': None}
2023-10-30 02:16:36,918:DEBUG:disnake.http: GET https://discord.com/api/v10/users/164862382185644032 with None has returned 200
2023-10-30 02:16:36,919:DEBUG:disnake.http: GET https://discord.com/api/v10/users/164862382185644032 has received {'id': '164862382185644032', 'username': 'stonemercy', 'avatar': 'a_96b40d57fe88b9b224bc4d012bc4abaf', 'discriminator': '0', 'public_flags': 768, 'premium_type': 2, 'flags': 768, 'banner': 'a_9cd069808efeba489652b0e7e36d1656', 'accent_color': 16777215, 'global_name': 'Stonemercy', 'avatar_decoration_data': None, 'banner_color': '#ffffff'}
2023-10-30 02:16:38,349:DEBUG:disnake.gateway: Keeping shard ID None websocket alive with sequence 5.
2023-10-30 02:16:38,453:DEBUG:disnake.gateway: For Shard ID None: WebSocket Event: {'t': None, 's': None, 'op': 11, 'd': None}
2023-10-30 02:17:19,601:DEBUG:disnake.gateway: Keeping shard ID None websocket alive with sequence 5.
2023-10-30 02:17:19,706:DEBUG:disnake.gateway: For Shard ID None: WebSocket Event: {'t': None, 's': None, 'op': 11, 'd': None}
2023-10-30 02:17:36,912:DEBUG:disnake.http: GET https://discord.com/api/v10/users/164862382185644032 with None has returned 200
2023-10-30 02:17:36,912:DEBUG:disnake.http: GET https://discord.com/api/v10/users/164862382185644032 has received {'id': '164862382185644032', 'username': 'stonemercy', 'avatar': 'a_96b40d57fe88b9b224bc4d012bc4abaf', 'discriminator': '0', 'public_flags': 768, 'premium_type': 2, 'flags': 768, 'banner': 'a_9cd069808efeba489652b0e7e36d1656', 'accent_color': 16777215, 'global_name': 'Stonemercy', 'avatar_decoration_data': None, 'banner_color': '#ffffff'}
2023-10-30 02:18:00,865:DEBUG:disnake.gateway: Keeping shard ID None websocket alive with sequence 5.
2023-10-30 02:18:00,971:DEBUG:disnake.gateway: For Shard ID None: WebSocket Event: {'t': None, 's': None, 'op': 11, 'd': None}
2023-10-30 02:18:36,936:DEBUG:disnake.http: GET https://discord.com/api/v10/users/164862382185644032 with None has returned 200
2023-10-30 02:18:36,937:DEBUG:disnake.http: GET https://discord.com/api/v10/users/164862382185644032 has received {'id': '164862382185644032', 'username': 'stonemercy', 'avatar': 'a_96b40d57fe88b9b224bc4d012bc4abaf', 'discriminator': '0', 'public_flags': 768, 'premium_type': 2, 'flags': 768, 'banner': 'a_9cd069808efeba489652b0e7e36d1656', 'accent_color': 16777215, 'global_name': 'Stonemercy', 'avatar_decoration_data': None, 'banner_color': '#ffffff'}
2023-10-30 02:18:42,123:DEBUG:disnake.gateway: Keeping shard ID None websocket alive with sequence 5.
2023-10-30 02:18:42,337:DEBUG:disnake.gateway: For Shard ID None: WebSocket Event: {'t': None, 's': None, 'op': 11, 'd': None}
2023-10-30 02:19:23,496:DEBUG:disnake.gateway: Keeping shard ID None websocket alive with sequence 5.
2023-10-30 02:19:23,601:DEBUG:disnake.gateway: For Shard ID None: WebSocket Event: {'t': None, 's': None, 'op': 11, 'd': None}
2023-10-30 02:19:36,936:DEBUG:disnake.http: GET https://discord.com/api/v10/users/164862382185644032 with None has returned 200
2023-10-30 02:19:36,937:DEBUG:disnake.http: GET https://discord.com/api/v10/users/164862382185644032 has received {'id': '164862382185644032', 'username': 'stonemercy', 'avatar': 'a_96b40d57fe88b9b224bc4d012bc4abaf', 'discriminator': '0', 'public_flags': 768, 'premium_type': 2, 'flags': 768, 'banner': 'a_9cd069808efeba489652b0e7e36d1656', 'accent_color': 16777215, 'global_name': 'Stonemercy', 'avatar_decoration_data': None, 'banner_color': '#ffffff'}
2023-10-30 02:20:04,750:DEBUG:disnake.gateway: Keeping shard ID None websocket alive with sequence 5.
2023-10-30 02:20:04,857:DEBUG:disnake.gateway: For Shard ID None: WebSocket Event: {'t': None, 's': None, 'op': 11, 'd': None}
2023-10-30 02:20:36,967:DEBUG:disnake.http: GET https://discord.com/api/v10/users/164862382185644032 with None has returned 200
2023-10-30 02:20:36,967:DEBUG:disnake.http: GET https://discord.com/api/v10/users/164862382185644032 has received {'id': '164862382185644032', 'username': 'stonemercy', 'avatar': 'a_96b40d57fe88b9b224bc4d012bc4abaf', 'discriminator': '0', 'public_flags': 768, 'premium_type': 2, 'flags': 768, 'banner': 'a_9cd069808efeba489652b0e7e36d1656', 'accent_color': 16777215, 'global_name': 'Stonemercy', 'avatar_decoration_data': None, 'banner_color': '#ffffff'}
2023-10-30 02:20:46,007:DEBUG:disnake.gateway: Keeping shard ID None websocket alive with sequence 5.
2023-10-30 02:20:46,114:DEBUG:disnake.gateway: For Shard ID None: WebSocket Event: {'t': None, 's': None, 'op': 11, 'd': None}
2023-10-30 02:21:27,265:DEBUG:disnake.gateway: Keeping shard ID None websocket alive with sequence 5.
2023-10-30 02:21:27,370:DEBUG:disnake.gateway: For Shard ID None: WebSocket Event: {'t': None, 's': None, 'op': 11, 'd': None}
2023-10-30 02:21:36,956:DEBUG:disnake.http: GET https://discord.com/api/v10/users/164862382185644032 with None has returned 200
2023-10-30 02:21:36,956:DEBUG:disnake.http: GET https://discord.com/api/v10/users/164862382185644032 has received {'id': '164862382185644032', 'username': 'stonemercy', 'avatar': 'a_96b40d57fe88b9b224bc4d012bc4abaf', 'discriminator': '0', 'public_flags': 768, 'premium_type': 2, 'flags': 768, 'banner': 'a_9cd069808efeba489652b0e7e36d1656', 'accent_color': 16777215, 'global_name': 'Stonemercy', 'avatar_decoration_data': None, 'banner_color': '#ffffff'}
2023-10-30 02:22:08,528:DEBUG:disnake.gateway: Keeping shard ID None websocket alive with sequence 5.
2023-10-30 02:22:08,635:DEBUG:disnake.gateway: For Shard ID None: WebSocket Event: {'t': None, 's': None, 'op': 11, 'd': None}
2023-10-30 02:22:36,990:DEBUG:disnake.http: GET https://discord.com/api/v10/users/164862382185644032 with None has returned 200
2023-10-30 02:22:36,990:DEBUG:disnake.http: GET https://discord.com/api/v10/users/164862382185644032 has received {'id': '164862382185644032', 'username': 'stonemercy', 'avatar': 'a_96b40d57fe88b9b224bc4d012bc4abaf', 'discriminator': '0', 'public_flags': 768, 'premium_type': 2, 'flags': 768, 'banner': 'a_9cd069808efeba489652b0e7e36d1656', 'accent_color': 16777215, 'global_name': 'Stonemercy', 'avatar_decoration_data': None, 'banner_color': '#ffffff'}
2023-10-30 02:22:49,786:DEBUG:disnake.gateway: Keeping shard ID None websocket alive with sequence 5.
2023-10-30 02:22:49,891:DEBUG:disnake.gateway: For Shard ID None: WebSocket Event: {'t': None, 's': None, 'op': 11, 'd': None}
2023-10-30 02:23:31,051:DEBUG:disnake.gateway: Keeping shard ID None websocket alive with sequence 5.
2023-10-30 02:23:31,167:DEBUG:disnake.gateway: For Shard ID None: WebSocket Event: {'t': None, 's': None, 'op': 11, 'd': None}
2023-10-30 02:23:37,025:DEBUG:disnake.http: GET https://discord.com/api/v10/users/164862382185644032 with None has returned 200
2023-10-30 02:23:37,025:DEBUG:disnake.http: GET https://discord.com/api/v10/users/164862382185644032 has received {'id': '164862382185644032', 'username': 'stonemercy', 'avatar': 'a_96b40d57fe88b9b224bc4d012bc4abaf', 'discriminator': '0', 'public_flags': 768, 'premium_type': 2, 'flags': 768, 'banner': 'a_9cd069808efeba489652b0e7e36d1656', 'accent_color': 16777215, 'global_name': 'Stonemercy', 'avatar_decoration_data': None, 'banner_color': '#ffffff'}
': 16777215, 'global_name': 'Stonemercy', 'avatar_decoration_data': None, 'banner_color': '#ffffff'}
